Traceback (most recent call last):
  File "/home/runner/.cache/pypoetry/virtualenvs/quantflow-lUXkzsy2-py3.12/lib/python3.12/site-packages/jupyter_cache/executors/utils.py", line 58, in single_nb_execution
    executenb(
  File "/home/runner/.cache/pypoetry/virtualenvs/quantflow-lUXkzsy2-py3.12/lib/python3.12/site-packages/nbclient/client.py", line 1319, in execute
    return NotebookClient(nb=nb, resources=resources, km=km, **kwargs).execute()
           ^^^^^^^^^^^^^^^^^^^^^^^^^^^^^^^^^^^^^^^^^^^^^^^^^^^^^^^^^^^^^^^^^^^^^
  File "/home/runner/.cache/pypoetry/virtualenvs/quantflow-lUXkzsy2-py3.12/lib/python3.12/site-packages/jupyter_core/utils/__init__.py", line 165, in wrapped
    return loop.run_until_complete(inner)
           ^^^^^^^^^^^^^^^^^^^^^^^^^^^^^^
  File "/opt/hostedtoolcache/Python/3.12.8/x64/lib/python3.12/asyncio/base_events.py", line 686, in run_until_complete
    return future.result()
           ^^^^^^^^^^^^^^^
  File "/home/runner/.cache/pypoetry/virtualenvs/quantflow-lUXkzsy2-py3.12/lib/python3.12/site-packages/nbclient/client.py", line 709, in async_execute
    await self.async_execute_cell(
  File "/home/runner/.cache/pypoetry/virtualenvs/quantflow-lUXkzsy2-py3.12/lib/python3.12/site-packages/nbclient/client.py", line 1062, in async_execute_cell
    await self._check_raise_for_error(cell, cell_index, exec_reply)
  File "/home/runner/.cache/pypoetry/virtualenvs/quantflow-lUXkzsy2-py3.12/lib/python3.12/site-packages/nbclient/client.py", line 918, in _check_raise_for_error
    raise CellExecutionError.from_cell_and_msg(cell, exec_reply_content)
nbclient.exceptions.CellExecutionError: An error occurred while executing the following cell:
------------------
from quantflow.options.pricer import OptionPricer
from quantflow.sp.weiner import WeinerProcess
pricer = OptionPricer(WeinerProcess(sigma=0.2))
pricer
------------------


[0;31m---------------------------------------------------------------------------[0m
[0;31mTypeError[0m                                 Traceback (most recent call last)
Cell [0;32mIn[4], line 3[0m
[1;32m      1[0m [38;5;28;01mfrom[39;00m [38;5;21;01mquantflow[39;00m[38;5;21;01m.[39;00m[38;5;21;01moptions[39;00m[38;5;21;01m.[39;00m[38;5;21;01mpricer[39;00m [38;5;28;01mimport[39;00m OptionPricer
[1;32m      2[0m [38;5;28;01mfrom[39;00m [38;5;21;01mquantflow[39;00m[38;5;21;01m.[39;00m[38;5;21;01msp[39;00m[38;5;21;01m.[39;00m[38;5;21;01mweiner[39;00m [38;5;28;01mimport[39;00m WeinerProcess
[0;32m----> 3[0m pricer [38;5;241m=[39m [43mOptionPricer[49m[43m([49m[43mWeinerProcess[49m[43m([49m[43msigma[49m[38;5;241;43m=[39;49m[38;5;241;43m0.2[39;49m[43m)[49m[43m)[49m
[1;32m      4[0m pricer

[0;31mTypeError[0m: BaseModel.__init__() takes 1 positional argument but 2 were given

